<?xml version="1.0" encoding="UTF-8"?>
<testsuite name="com.dash.HelloWorldControllerTest" tests="4" skipped="0" failures="0" errors="0" timestamp="2024-03-05T03:43:00" hostname="Sandeeps-MacBook-Air.local" time="0.294">
  <properties/>
  <testcase name="helloWorldEndpointResponseWithCodeAndProperContent()" classname="com.dash.HelloWorldControllerTest" time="0.275"/>
  <testcase name="welcomeEndpointResponseWithProperContent()" classname="com.dash.HelloWorldControllerTest" time="0.006"/>
  <testcase name="helloWorldEndpointResponseWithProperContent()" classname="com.dash.HelloWorldControllerTest" time="0.005"/>
  <testcase name="welcomeEndpointResponseWithCodeAndProperContent()" classname="com.dash.HelloWorldControllerTest" time="0.005"/>
  <system-out><![CDATA[?[36m09:13:00.685?[0;39m ?[1;30m[Test worker]?[0;39m ?[34mINFO ?[0;39m ?[35mi.m.c.DefaultApplicationContext$RuntimeConfiguredEnvironment?[0;39m - Established active environments: [test]
?[36m09:13:01.183?[0;39m ?[1;30m[default-nioEventLoopGroup-1-3]?[0;39m ?[39mDEBUG?[0;39m ?[35mc.d.controller.HelloWorldController?[0;39m - Called the Welcome API!
?[36m09:13:01.196?[0;39m ?[1;30m[default-nioEventLoopGroup-1-3]?[0;39m ?[39mDEBUG?[0;39m ?[35mc.d.controller.HelloWorldController?[0;39m - Called the Welcome API!
]]></system-out>
  <system-err><![CDATA[]]></system-err>
</testsuite>
